<?xml version="1.0" encoding="UTF-8"?>
<testsuite xmlns:xsi="http://www.w3.org/2001/XMLSchema-instance" xsi:noNamespaceSchemaLocation="https://maven.apache.org/surefire/maven-surefire-plugin/xsd/surefire-test-report.xsd" name="com.nautilus.app.AppApplicationTests" time="2.15" tests="1" errors="0" skipped="0" failures="0">
  <properties>
    <property name="sun.desktop" value="gnome"/>
    <property name="awt.toolkit" value="sun.awt.X11.XToolkit"/>
    <property name="java.specification.version" value="12"/>
    <property name="sun.jnu.encoding" value="UTF-8"/>
    <property name="java.class.path" value="/home/magneto/Projetos/private/workspaceJava/spring-teste/app/target/test-classes:/home/magneto/Projetos/private/workspaceJava/spring-teste/app/target/classes:/home/magneto/.m2/repository/org/springframework/boot/spring-boot-starter-actuator/2.5.14/spring-boot-starter-actuator-2.5.14.jar:/home/magneto/.m2/repository/org/springframework/boot/spring-boot-starter/2.5.14/spring-boot-starter-2.5.14.jar:/home/magneto/.m2/repository/org/springframework/boot/spring-boot-starter-logging/2.5.14/spring-boot-starter-logging-2.5.14.jar:/home/magneto/.m2/repository/ch/qos/logback/logback-classic/1.2.11/logback-classic-1.2.11.jar:/home/magneto/.m2/repository/ch/qos/logback/logback-core/1.2.11/logback-core-1.2.11.jar:/home/magneto/.m2/repository/org/apache/logging/log4j/log4j-to-slf4j/2.17.2/log4j-to-slf4j-2.17.2.jar:/home/magneto/.m2/repository/org/apache/logging/log4j/log4j-api/2.17.2/log4j-api-2.17.2.jar:/home/magneto/.m2/repository/org/slf4j/jul-to-slf4j/1.7.36/jul-to-slf4j-1.7.36.jar:/home/magneto/.m2/repository/jakarta/annotation/jakarta.annotation-api/1.3.5/jakarta.annotation-api-1.3.5.jar:/home/magneto/.m2/repository/org/yaml/snakeyaml/1.28/snakeyaml-1.28.jar:/home/magneto/.m2/repository/org/springframework/boot/spring-boot-actuator-autoconfigure/2.5.14/spring-boot-actuator-autoconfigure-2.5.14.jar:/home/magneto/.m2/repository/org/springframework/boot/spring-boot-actuator/2.5.14/spring-boot-actuator-2.5.14.jar:/home/magneto/.m2/repository/com/fasterxml/jackson/core/jackson-databind/2.12.6.1/jackson-databind-2.12.6.1.jar:/home/magneto/.m2/repository/com/fasterxml/jackson/core/jackson-annotations/2.12.6/jackson-annotations-2.12.6.jar:/home/magneto/.m2/repository/com/fasterxml/jackson/core/jackson-core/2.12.6/jackson-core-2.12.6.jar:/home/magneto/.m2/repository/com/fasterxml/jackson/datatype/jackson-datatype-jsr310/2.12.6/jackson-datatype-jsr310-2.12.6.jar:/home/magneto/.m2/repository/io/micrometer/micrometer-core/1.7.12/micrometer-core-1.7.12.jar:/home/magneto/.m2/repository/org/hdrhistogram/HdrHistogram/2.1.12/HdrHistogram-2.1.12.jar:/home/magneto/.m2/repository/org/latencyutils/LatencyUtils/2.0.3/LatencyUtils-2.0.3.jar:/home/magneto/.m2/repository/org/springframework/boot/spring-boot-starter-web/2.5.14/spring-boot-starter-web-2.5.14.jar:/home/magneto/.m2/repository/org/springframework/boot/spring-boot-starter-json/2.5.14/spring-boot-starter-json-2.5.14.jar:/home/magneto/.m2/repository/com/fasterxml/jackson/datatype/jackson-datatype-jdk8/2.12.6/jackson-datatype-jdk8-2.12.6.jar:/home/magneto/.m2/repository/com/fasterxml/jackson/module/jackson-module-parameter-names/2.12.6/jackson-module-parameter-names-2.12.6.jar:/home/magneto/.m2/repository/org/springframework/boot/spring-boot-starter-tomcat/2.5.14/spring-boot-starter-tomcat-2.5.14.jar:/home/magneto/.m2/repository/org/apache/tomcat/embed/tomcat-embed-core/9.0.63/tomcat-embed-core-9.0.63.jar:/home/magneto/.m2/repository/org/apache/tomcat/embed/tomcat-embed-el/9.0.63/tomcat-embed-el-9.0.63.jar:/home/magneto/.m2/repository/org/apache/tomcat/embed/tomcat-embed-websocket/9.0.63/tomcat-embed-websocket-9.0.63.jar:/home/magneto/.m2/repository/org/springframework/spring-web/5.3.20/spring-web-5.3.20.jar:/home/magneto/.m2/repository/org/springframework/spring-beans/5.3.20/spring-beans-5.3.20.jar:/home/magneto/.m2/repository/org/springframework/spring-webmvc/5.3.20/spring-webmvc-5.3.20.jar:/home/magneto/.m2/repository/org/springframework/spring-aop/5.3.20/spring-aop-5.3.20.jar:/home/magneto/.m2/repository/org/springframework/spring-context/5.3.20/spring-context-5.3.20.jar:/home/magneto/.m2/repository/org/springframework/spring-expression/5.3.20/spring-expression-5.3.20.jar:/home/magneto/.m2/repository/org/springframework/boot/spring-boot-devtools/2.5.14/spring-boot-devtools-2.5.14.jar:/home/magneto/.m2/repository/org/springframework/boot/spring-boot/2.5.14/spring-boot-2.5.14.jar:/home/magneto/.m2/repository/org/springframework/boot/spring-boot-autoconfigure/2.5.14/spring-boot-autoconfigure-2.5.14.jar:/home/magneto/.m2/repository/org/projectlombok/lombok/1.18.24/lombok-1.18.24.jar:/home/magneto/.m2/repository/org/springframework/boot/spring-boot-starter-test/2.5.14/spring-boot-starter-test-2.5.14.jar:/home/magneto/.m2/repository/org/springframework/boot/spring-boot-test/2.5.14/spring-boot-test-2.5.14.jar:/home/magneto/.m2/repository/org/springframework/boot/spring-boot-test-autoconfigure/2.5.14/spring-boot-test-autoconfigure-2.5.14.jar:/home/magneto/.m2/repository/com/jayway/jsonpath/json-path/2.5.0/json-path-2.5.0.jar:/home/magneto/.m2/repository/net/minidev/json-smart/2.4.8/json-smart-2.4.8.jar:/home/magneto/.m2/repository/net/minidev/accessors-smart/2.4.8/accessors-smart-2.4.8.jar:/home/magneto/.m2/repository/org/ow2/asm/asm/9.1/asm-9.1.jar:/home/magneto/.m2/repository/org/slf4j/slf4j-api/1.7.36/slf4j-api-1.7.36.jar:/home/magneto/.m2/repository/jakarta/xml/bind/jakarta.xml.bind-api/2.3.3/jakarta.xml.bind-api-2.3.3.jar:/home/magneto/.m2/repository/jakarta/activation/jakarta.activation-api/1.2.2/jakarta.activation-api-1.2.2.jar:/home/magneto/.m2/repository/org/assertj/assertj-core/3.19.0/assertj-core-3.19.0.jar:/home/magneto/.m2/repository/org/hamcrest/hamcrest/2.2/hamcrest-2.2.jar:/home/magneto/.m2/repository/org/junit/jupiter/junit-jupiter/5.7.2/junit-jupiter-5.7.2.jar:/home/magneto/.m2/repository/org/junit/jupiter/junit-jupiter-api/5.7.2/junit-jupiter-api-5.7.2.jar:/home/magneto/.m2/repository/org/apiguardian/apiguardian-api/1.1.0/apiguardian-api-1.1.0.jar:/home/magneto/.m2/repository/org/opentest4j/opentest4j/1.2.0/opentest4j-1.2.0.jar:/home/magneto/.m2/repository/org/junit/platform/junit-platform-commons/1.7.2/junit-platform-commons-1.7.2.jar:/home/magneto/.m2/repository/org/junit/jupiter/junit-jupiter-params/5.7.2/junit-jupiter-params-5.7.2.jar:/home/magneto/.m2/repository/org/junit/jupiter/junit-jupiter-engine/5.7.2/junit-jupiter-engine-5.7.2.jar:/home/magneto/.m2/repository/org/junit/platform/junit-platform-engine/1.7.2/junit-platform-engine-1.7.2.jar:/home/magneto/.m2/repository/org/mockito/mockito-core/3.9.0/mockito-core-3.9.0.jar:/home/magneto/.m2/repository/net/bytebuddy/byte-buddy/1.10.22/byte-buddy-1.10.22.jar:/home/magneto/.m2/repository/net/bytebuddy/byte-buddy-agent/1.10.22/byte-buddy-agent-1.10.22.jar:/home/magneto/.m2/repository/org/objenesis/objenesis/3.2/objenesis-3.2.jar:/home/magneto/.m2/repository/org/mockito/mockito-junit-jupiter/3.9.0/mockito-junit-jupiter-3.9.0.jar:/home/magneto/.m2/repository/org/skyscreamer/jsonassert/1.5.0/jsonassert-1.5.0.jar:/home/magneto/.m2/repository/com/vaadin/external/google/android-json/0.0.20131108.vaadin1/android-json-0.0.20131108.vaadin1.jar:/home/magneto/.m2/repository/org/springframework/spring-core/5.3.20/spring-core-5.3.20.jar:/home/magneto/.m2/repository/org/springframework/spring-jcl/5.3.20/spring-jcl-5.3.20.jar:/home/magneto/.m2/repository/org/springframework/spring-test/5.3.20/spring-test-5.3.20.jar:/home/magneto/.m2/repository/org/xmlunit/xmlunit-core/2.8.4/xmlunit-core-2.8.4.jar:"/>
    <property name="java.vm.vendor" value="Oracle Corporation"/>
    <property name="sun.arch.data.model" value="64"/>
    <property name="java.vendor.url" value="https://java.oracle.com/"/>
    <property name="os.name" value="Linux"/>
    <property name="java.vm.specification.version" value="12"/>
    <property name="sun.java.launcher" value="SUN_STANDARD"/>
    <property name="user.country" value="US"/>
    <property name="sun.boot.library.path" value="/usr/lib/jvm/java-12-oracle/lib"/>
    <property name="sun.java.command" value="/home/magneto/Projetos/private/workspaceJava/spring-teste/app/target/surefire/surefirebooter2882489092744336832.jar /home/magneto/Projetos/private/workspaceJava/spring-teste/app/target/surefire 2023-05-09T09-59-08_514-jvmRun1 surefire1234725276989321534tmp surefire_013499915538478354826tmp"/>
    <property name="jdk.debug" value="release"/>
    <property name="surefire.test.class.path" value="/home/magneto/Projetos/private/workspaceJava/spring-teste/app/target/test-classes:/home/magneto/Projetos/private/workspaceJava/spring-teste/app/target/classes:/home/magneto/.m2/repository/org/springframework/boot/spring-boot-starter-actuator/2.5.14/spring-boot-starter-actuator-2.5.14.jar:/home/magneto/.m2/repository/org/springframework/boot/spring-boot-starter/2.5.14/spring-boot-starter-2.5.14.jar:/home/magneto/.m2/repository/org/springframework/boot/spring-boot-starter-logging/2.5.14/spring-boot-starter-logging-2.5.14.jar:/home/magneto/.m2/repository/ch/qos/logback/logback-classic/1.2.11/logback-classic-1.2.11.jar:/home/magneto/.m2/repository/ch/qos/logback/logback-core/1.2.11/logback-core-1.2.11.jar:/home/magneto/.m2/repository/org/apache/logging/log4j/log4j-to-slf4j/2.17.2/log4j-to-slf4j-2.17.2.jar:/home/magneto/.m2/repository/org/apache/logging/log4j/log4j-api/2.17.2/log4j-api-2.17.2.jar:/home/magneto/.m2/repository/org/slf4j/jul-to-slf4j/1.7.36/jul-to-slf4j-1.7.36.jar:/home/magneto/.m2/repository/jakarta/annotation/jakarta.annotation-api/1.3.5/jakarta.annotation-api-1.3.5.jar:/home/magneto/.m2/repository/org/yaml/snakeyaml/1.28/snakeyaml-1.28.jar:/home/magneto/.m2/repository/org/springframework/boot/spring-boot-actuator-autoconfigure/2.5.14/spring-boot-actuator-autoconfigure-2.5.14.jar:/home/magneto/.m2/repository/org/springframework/boot/spring-boot-actuator/2.5.14/spring-boot-actuator-2.5.14.jar:/home/magneto/.m2/repository/com/fasterxml/jackson/core/jackson-databind/2.12.6.1/jackson-databind-2.12.6.1.jar:/home/magneto/.m2/repository/com/fasterxml/jackson/core/jackson-annotations/2.12.6/jackson-annotations-2.12.6.jar:/home/magneto/.m2/repository/com/fasterxml/jackson/core/jackson-core/2.12.6/jackson-core-2.12.6.jar:/home/magneto/.m2/repository/com/fasterxml/jackson/datatype/jackson-datatype-jsr310/2.12.6/jackson-datatype-jsr310-2.12.6.jar:/home/magneto/.m2/repository/io/micrometer/micrometer-core/1.7.12/micrometer-core-1.7.12.jar:/home/magneto/.m2/repository/org/hdrhistogram/HdrHistogram/2.1.12/HdrHistogram-2.1.12.jar:/home/magneto/.m2/repository/org/latencyutils/LatencyUtils/2.0.3/LatencyUtils-2.0.3.jar:/home/magneto/.m2/repository/org/springframework/boot/spring-boot-starter-web/2.5.14/spring-boot-starter-web-2.5.14.jar:/home/magneto/.m2/repository/org/springframework/boot/spring-boot-starter-json/2.5.14/spring-boot-starter-json-2.5.14.jar:/home/magneto/.m2/repository/com/fasterxml/jackson/datatype/jackson-datatype-jdk8/2.12.6/jackson-datatype-jdk8-2.12.6.jar:/home/magneto/.m2/repository/com/fasterxml/jackson/module/jackson-module-parameter-names/2.12.6/jackson-module-parameter-names-2.12.6.jar:/home/magneto/.m2/repository/org/springframework/boot/spring-boot-starter-tomcat/2.5.14/spring-boot-starter-tomcat-2.5.14.jar:/home/magneto/.m2/repository/org/apache/tomcat/embed/tomcat-embed-core/9.0.63/tomcat-embed-core-9.0.63.jar:/home/magneto/.m2/repository/org/apache/tomcat/embed/tomcat-embed-el/9.0.63/tomcat-embed-el-9.0.63.jar:/home/magneto/.m2/repository/org/apache/tomcat/embed/tomcat-embed-websocket/9.0.63/tomcat-embed-websocket-9.0.63.jar:/home/magneto/.m2/repository/org/springframework/spring-web/5.3.20/spring-web-5.3.20.jar:/home/magneto/.m2/repository/org/springframework/spring-beans/5.3.20/spring-beans-5.3.20.jar:/home/magneto/.m2/repository/org/springframework/spring-webmvc/5.3.20/spring-webmvc-5.3.20.jar:/home/magneto/.m2/repository/org/springframework/spring-aop/5.3.20/spring-aop-5.3.20.jar:/home/magneto/.m2/repository/org/springframework/spring-context/5.3.20/spring-context-5.3.20.jar:/home/magneto/.m2/repository/org/springframework/spring-expression/5.3.20/spring-expression-5.3.20.jar:/home/magneto/.m2/repository/org/springframework/boot/spring-boot-devtools/2.5.14/spring-boot-devtools-2.5.14.jar:/home/magneto/.m2/repository/org/springframework/boot/spring-boot/2.5.14/spring-boot-2.5.14.jar:/home/magneto/.m2/repository/org/springframework/boot/spring-boot-autoconfigure/2.5.14/spring-boot-autoconfigure-2.5.14.jar:/home/magneto/.m2/repository/org/projectlombok/lombok/1.18.24/lombok-1.18.24.jar:/home/magneto/.m2/repository/org/springframework/boot/spring-boot-starter-test/2.5.14/spring-boot-starter-test-2.5.14.jar:/home/magneto/.m2/repository/org/springframework/boot/spring-boot-test/2.5.14/spring-boot-test-2.5.14.jar:/home/magneto/.m2/repository/org/springframework/boot/spring-boot-test-autoconfigure/2.5.14/spring-boot-test-autoconfigure-2.5.14.jar:/home/magneto/.m2/repository/com/jayway/jsonpath/json-path/2.5.0/json-path-2.5.0.jar:/home/magneto/.m2/repository/net/minidev/json-smart/2.4.8/json-smart-2.4.8.jar:/home/magneto/.m2/repository/net/minidev/accessors-smart/2.4.8/accessors-smart-2.4.8.jar:/home/magneto/.m2/repository/org/ow2/asm/asm/9.1/asm-9.1.jar:/home/magneto/.m2/repository/org/slf4j/slf4j-api/1.7.36/slf4j-api-1.7.36.jar:/home/magneto/.m2/repository/jakarta/xml/bind/jakarta.xml.bind-api/2.3.3/jakarta.xml.bind-api-2.3.3.jar:/home/magneto/.m2/repository/jakarta/activation/jakarta.activation-api/1.2.2/jakarta.activation-api-1.2.2.jar:/home/magneto/.m2/repository/org/assertj/assertj-core/3.19.0/assertj-core-3.19.0.jar:/home/magneto/.m2/repository/org/hamcrest/hamcrest/2.2/hamcrest-2.2.jar:/home/magneto/.m2/repository/org/junit/jupiter/junit-jupiter/5.7.2/junit-jupiter-5.7.2.jar:/home/magneto/.m2/repository/org/junit/jupiter/junit-jupiter-api/5.7.2/junit-jupiter-api-5.7.2.jar:/home/magneto/.m2/repository/org/apiguardian/apiguardian-api/1.1.0/apiguardian-api-1.1.0.jar:/home/magneto/.m2/repository/org/opentest4j/opentest4j/1.2.0/opentest4j-1.2.0.jar:/home/magneto/.m2/repository/org/junit/platform/junit-platform-commons/1.7.2/junit-platform-commons-1.7.2.jar:/home/magneto/.m2/repository/org/junit/jupiter/junit-jupiter-params/5.7.2/junit-jupiter-params-5.7.2.jar:/home/magneto/.m2/repository/org/junit/jupiter/junit-jupiter-engine/5.7.2/junit-jupiter-engine-5.7.2.jar:/home/magneto/.m2/repository/org/junit/platform/junit-platform-engine/1.7.2/junit-platform-engine-1.7.2.jar:/home/magneto/.m2/repository/org/mockito/mockito-core/3.9.0/mockito-core-3.9.0.jar:/home/magneto/.m2/repository/net/bytebuddy/byte-buddy/1.10.22/byte-buddy-1.10.22.jar:/home/magneto/.m2/repository/net/bytebuddy/byte-buddy-agent/1.10.22/byte-buddy-agent-1.10.22.jar:/home/magneto/.m2/repository/org/objenesis/objenesis/3.2/objenesis-3.2.jar:/home/magneto/.m2/repository/org/mockito/mockito-junit-jupiter/3.9.0/mockito-junit-jupiter-3.9.0.jar:/home/magneto/.m2/repository/org/skyscreamer/jsonassert/1.5.0/jsonassert-1.5.0.jar:/home/magneto/.m2/repository/com/vaadin/external/google/android-json/0.0.20131108.vaadin1/android-json-0.0.20131108.vaadin1.jar:/home/magneto/.m2/repository/org/springframework/spring-core/5.3.20/spring-core-5.3.20.jar:/home/magneto/.m2/repository/org/springframework/spring-jcl/5.3.20/spring-jcl-5.3.20.jar:/home/magneto/.m2/repository/org/springframework/spring-test/5.3.20/spring-test-5.3.20.jar:/home/magneto/.m2/repository/org/xmlunit/xmlunit-core/2.8.4/xmlunit-core-2.8.4.jar:"/>
    <property name="sun.cpu.endian" value="little"/>
    <property name="user.home" value="/home/magneto"/>
    <property name="user.language" value="en"/>
    <property name="java.specification.vendor" value="Oracle Corporation"/>
    <property name="java.version.date" value="2019-07-16"/>
    <property name="java.home" value="/usr/lib/jvm/java-12-oracle"/>
    <property name="file.separator" value="/"/>
    <property name="basedir" value="/home/magneto/Projetos/private/workspaceJava/spring-teste/app"/>
    <property name="java.vm.compressedOopsMode" value="Zero based"/>
    <property name="line.separator" value="&#10;"/>
    <property name="java.specification.name" value="Java Platform API Specification"/>
    <property name="java.vm.specification.vendor" value="Oracle Corporation"/>
    <property name="java.awt.graphicsenv" value="sun.awt.X11GraphicsEnvironment"/>
    <property name="surefire.real.class.path" value="/home/magneto/Projetos/private/workspaceJava/spring-teste/app/target/surefire/surefirebooter2882489092744336832.jar"/>
    <property name="sun.management.compiler" value="HotSpot 64-Bit Tiered Compilers"/>
    <property name="java.runtime.version" value="12.0.2+10"/>
    <property name="user.name" value="magneto"/>
    <property name="path.separator" value=":"/>
    <property name="os.version" value="5.10.0-22-amd64"/>
    <property name="java.runtime.name" value="Java(TM) SE Runtime Environment"/>
    <property name="file.encoding" value="UTF-8"/>
    <property name="java.vm.name" value="Java HotSpot(TM) 64-Bit Server VM"/>
    <property name="localRepository" value="/home/magneto/.m2/repository"/>
    <property name="java.vendor.url.bug" value="https://bugreport.java.com/bugreport/"/>
    <property name="java.io.tmpdir" value="/tmp"/>
    <property name="java.version" value="12.0.2"/>
    <property name="user.dir" value="/home/magneto/Projetos/private/workspaceJava/spring-teste/app"/>
    <property name="os.arch" value="amd64"/>
    <property name="java.vm.specification.name" value="Java Virtual Machine Specification"/>
    <property name="java.library.path" value="/opt/instantclient_12_1:/usr/java/packages/lib:/usr/lib64:/lib64:/lib:/usr/lib"/>
    <property name="java.vm.info" value="mixed mode, sharing"/>
    <property name="java.vendor" value="Oracle Corporation"/>
    <property name="java.vm.version" value="12.0.2+10"/>
    <property name="sun.io.unicode.encoding" value="UnicodeLittle"/>
    <property name="java.class.version" value="56.0"/>
  </properties>
  <testcase name="contextLoads" classname="com.nautilus.app.AppApplicationTests" time="0.238"/>
</testsuite>